Using pre-set license
Built from '2020.3/staging' branch; Version is '2020.3.6f1 (338bb68529b2) revision 3378102'; Using compiler version '192528614'; Build Type 'Release'
OS: 'Windows 10 Pro; OS build 19041.1415; Version 2004; 64bit' Language: 'en' Physical Memory: 32682 MB
BatchMode: 1, IsHumanControllingUs: 0, StartBugReporterOnCrash: 0, Is64bit: 1, IsPro: 0

 COMMAND LINE ARGUMENTS:
C:\Program Files\Unity\Hub\Editor\2020.3.6f1\Editor\Unity.exe
-adb2
-batchMode
-noUpm
-name
AssetImportWorker0
-projectPath
D:/Documents/GitHub/GameAudio/GameAudioUnity
-logFile
Logs/AssetImportWorker0.log
-srvPort
49711
Successfully changed project path to: D:/Documents/GitHub/GameAudio/GameAudioUnity
D:/Documents/GitHub/GameAudio/GameAudioUnity
Using Asset Import Pipeline V2.
Refreshing native plugins compatible for Editor in 65.64 ms, found 2 plugins.
Preloading 0 native plugins for Editor in 0.00 ms.
Initialize engine version: 2020.3.6f1 (338bb68529b2)
[Subsystems] Discovering subsystems at path C:/Program Files/Unity/Hub/Editor/2020.3.6f1/Editor/Data/Resources/UnitySubsystems
[Subsystems] Discovering subsystems at path D:/Documents/GitHub/GameAudio/GameAudioUnity/Assets
GfxDevice: creating device client; threaded=0
Direct3D:
    Version:  Direct3D 11.0 [level 11.1]
    Renderer: Radeon RX 570 Series (ID=0x67df)
    Vendor:   
    VRAM:     8171 MB
    Driver:   30.0.13023.4001
Initialize mono
Mono path[0] = 'C:/Program Files/Unity/Hub/Editor/2020.3.6f1/Editor/Data/Managed'
Mono path[1] = 'C:/Program Files/Unity/Hub/Editor/2020.3.6f1/Editor/Data/MonoBleedingEdge/lib/mono/unityjit'
Mono config path = 'C:/Program Files/Unity/Hub/Editor/2020.3.6f1/Editor/Data/MonoBleedingEdge/etc'
Using monoOptions --debugger-agent=transport=dt_socket,embedding=1,server=y,suspend=n,address=127.0.0.1:56664
Begin MonoManager ReloadAssembly
Registering precompiled unity dll's ...
Register platform support module: C:/Program Files/Unity/Hub/Editor/2020.3.6f1/Editor/Data/PlaybackEngines/WebGLSupport/UnityEditor.WebGL.Extensions.dll
Register platform support module: C:/Program Files/Unity/Hub/Editor/2020.3.6f1/Editor/Data/PlaybackEngines/MacStandaloneSupport/UnityEditor.OSXStandalone.Extensions.dll
Register platform support module: C:/Program Files/Unity/Hub/Editor/2020.3.6f1/Editor/Data/PlaybackEngines/WindowsStandaloneSupport/UnityEditor.WindowsStandalone.Extensions.dll
Registered in 0.002238 seconds.
Native extension for WindowsStandalone target not found
Native extension for OSXStandalone target not found
Native extension for WebGL target not found
Refreshing native plugins compatible for Editor in 56.64 ms, found 2 plugins.
Preloading 0 native plugins for Editor in 0.00 ms.
Mono: successfully reloaded assembly
- Completed reload, in  1.816 seconds
Platform modules already initialized, skipping
Registering precompiled user dll's ...
Registered in 0.002715 seconds.
Begin MonoManager ReloadAssembly
Native extension for WindowsStandalone target not found
Native extension for OSXStandalone target not found
Native extension for WebGL target not found
Refreshing native plugins compatible for Editor in 1.18 ms, found 2 plugins.
Preloading 0 native plugins for Editor in 0.00 ms.
Mono: successfully reloaded assembly
- Completed reload, in  0.670 seconds
Platform modules already initialized, skipping
========================================================================
Worker process is ready to serve import requests
Launched and connected shader compiler UnityShaderCompiler.exe after 0.03 seconds
Refreshing native plugins compatible for Editor in 1.13 ms, found 2 plugins.
Preloading 0 native plugins for Editor in 0.00 ms.
Unloading 1259 Unused Serialized files (Serialized files now loaded: 0)
System memory in use before: 67.5 MB.
System memory in use after: 67.5 MB.

Unloading 64 unused Assets to reduce memory usage. Loaded Objects now: 1648.
Total: 1.774100 ms (FindLiveObjects: 0.169400 ms CreateObjectMapping: 0.033100 ms MarkObjects: 1.478700 ms  DeleteObjects: 0.091400 ms)

========================================================================
Received Import Request.
  path: Assets/Prefabs/ShopIcon.prefab
  artifactKey: Guid(921fa64149da2fb4a8d7d43fbad3601b) Importer(815301076,1909f56bfc062723c751e8b465ee728b)
Start importing Assets/Prefabs/ShopIcon.prefab using Guid(921fa64149da2fb4a8d7d43fbad3601b) Importer(815301076,1909f56bfc062723c751e8b465ee728b)  -> (artifact id: 'e3de8e9c4469631c721f5d6f864ff11e') in 0.259533 seconds
  Import took 0.261991 seconds .

========================================================================
Received Import Request.
  Time since last request: 0.000151 seconds.
  path: Assets/Prefabs/Player.prefab
  artifactKey: Guid(e7d39ea901842dc40a17efa69e2d12a5) Importer(815301076,1909f56bfc062723c751e8b465ee728b)
Start importing Assets/Prefabs/Player.prefab using Guid(e7d39ea901842dc40a17efa69e2d12a5) Importer(815301076,1909f56bfc062723c751e8b465ee728b)  -> (artifact id: '4ad8c05d39d428ebec10a6f4e3319d4a') in 0.086041 seconds
  Import took 0.087997 seconds .

========================================================================
Received Import Request.
  Time since last request: 0.000234 seconds.
  path: Assets/Prefabs/HomeIcon.prefab
  artifactKey: Guid(7998ea81006a8bc4aacfb3a75c478c80) Importer(815301076,1909f56bfc062723c751e8b465ee728b)
Start importing Assets/Prefabs/HomeIcon.prefab using Guid(7998ea81006a8bc4aacfb3a75c478c80) Importer(815301076,1909f56bfc062723c751e8b465ee728b)  -> (artifact id: 'e23af8cade5bb2e9efd20dfad7ad875b') in 0.020616 seconds
  Import took 0.023658 seconds .

========================================================================
Received Import Request.
  Time since last request: 0.000211 seconds.
  path: Assets/Prefabs/HardwareShopIcon.prefab
  artifactKey: Guid(ba972282f98f648448301f45fe242599) Importer(815301076,1909f56bfc062723c751e8b465ee728b)
Start importing Assets/Prefabs/HardwareShopIcon.prefab using Guid(ba972282f98f648448301f45fe242599) Importer(815301076,1909f56bfc062723c751e8b465ee728b)  -> (artifact id: '12555f709740a8db6c25a1f4375b03dc') in 0.019853 seconds
  Import took 0.022883 seconds .

========================================================================
Received Import Request.
  Time since last request: 0.000212 seconds.
  path: Assets/Prefabs/ChurchIcon.prefab
  artifactKey: Guid(56a8706a8fbe0b0409425c5f614d1187) Importer(815301076,1909f56bfc062723c751e8b465ee728b)
Start importing Assets/Prefabs/ChurchIcon.prefab using Guid(56a8706a8fbe0b0409425c5f614d1187) Importer(815301076,1909f56bfc062723c751e8b465ee728b)  -> (artifact id: '5f30fc2cc88a6921397236ae37a3f71b') in 0.018426 seconds
  Import took 0.021434 seconds .

========================================================================
Received Import Request.
  Time since last request: 3841.266776 seconds.
  path: Assets/Presets/AudioCompressedInMemory.preset
  artifactKey: Guid(2dd802e4d37c65149922028d3e973832) Importer(815301076,1909f56bfc062723c751e8b465ee728b)
Start importing Assets/Presets/AudioCompressedInMemory.preset using Guid(2dd802e4d37c65149922028d3e973832) Importer(815301076,1909f56bfc062723c751e8b465ee728b)  -> (artifact id: '439c2fec0c64ca7fdfdafd1b5e4673fd') in 0.004662 seconds
  Import took 0.007338 seconds .

========================================================================
Received Import Request.
  Time since last request: 0.000189 seconds.
  path: Assets/Presets/AudioStreaming.preset
  artifactKey: Guid(86bcce7f5575b54408aa0f3a7d321039) Importer(815301076,1909f56bfc062723c751e8b465ee728b)
Start importing Assets/Presets/AudioStreaming.preset using Guid(86bcce7f5575b54408aa0f3a7d321039) Importer(815301076,1909f56bfc062723c751e8b465ee728b)  -> (artifact id: 'acc3d3bfe3f3a8617843ccbd8aef9a36') in 0.002426 seconds
  Import took 0.004474 seconds .

========================================================================
Received Import Request.
  Time since last request: 0.000141 seconds.
  path: Assets/Presets/NormalTexture.preset
  artifactKey: Guid(14a57cf3b9fa1c74b884aa7e0dcf1faa) Importer(815301076,1909f56bfc062723c751e8b465ee728b)
Start importing Assets/Presets/NormalTexture.preset using Guid(14a57cf3b9fa1c74b884aa7e0dcf1faa) Importer(815301076,1909f56bfc062723c751e8b465ee728b)  -> (artifact id: 'b518cde7da1eb7ce7096b4c5a8659286') in 0.003928 seconds
  Import took 0.006016 seconds .

========================================================================
Received Import Request.
  Time since last request: 0.000162 seconds.
  path: Assets/Presets/UtilityTexture.preset
  artifactKey: Guid(45f7b2e3c78185248b3adbb14429c2ab) Importer(815301076,1909f56bfc062723c751e8b465ee728b)
Start importing Assets/Presets/UtilityTexture.preset using Guid(45f7b2e3c78185248b3adbb14429c2ab) Importer(815301076,1909f56bfc062723c751e8b465ee728b)  -> (artifact id: 'd43a0b3f92f8edeb5e7460f2e609a243') in 0.023144 seconds
  Import took 0.025206 seconds .

========================================================================
Received Import Request.
  Time since last request: 1.405195 seconds.
  path: Assets/Prefabs/UI
  artifactKey: Guid(e70f587cc92424e02ad1cf2c7a1e02c5) Importer(815301076,1909f56bfc062723c751e8b465ee728b)
Start importing Assets/Prefabs/UI using Guid(e70f587cc92424e02ad1cf2c7a1e02c5) Importer(815301076,1909f56bfc062723c751e8b465ee728b)  -> (artifact id: 'bfeae57c754ad666299076ea2aac0876') in 0.001890 seconds
  Import took 0.004066 seconds .

========================================================================
Received Import Request.
  Time since last request: 0.007348 seconds.
  path: Assets/Prefabs/UI
  artifactKey: Guid(e70f587cc92424e02ad1cf2c7a1e02c5) Importer(815301076,1909f56bfc062723c751e8b465ee728b)
Start importing Assets/Prefabs/UI using Guid(e70f587cc92424e02ad1cf2c7a1e02c5) Importer(815301076,1909f56bfc062723c751e8b465ee728b)  -> (artifact id: 'bfeae57c754ad666299076ea2aac0876') in 0.001810 seconds
  Import took 0.003883 seconds .

========================================================================
Received Import Request.
  Time since last request: 0.690212 seconds.
  path: Assets/Prefabs/UI/BaseActivity.prefab
  artifactKey: Guid(52a429054df1f4a6a80648de2791dbc5) Importer(815301076,1909f56bfc062723c751e8b465ee728b)
Start importing Assets/Prefabs/UI/BaseActivity.prefab using Guid(52a429054df1f4a6a80648de2791dbc5) Importer(815301076,1909f56bfc062723c751e8b465ee728b)  -> (artifact id: '4b93a5f823ebfd1e68f9c17d6b12e263') in 0.050708 seconds
  Import took 0.053047 seconds .

========================================================================
Received Import Request.
  Time since last request: 0.000160 seconds.
  path: Assets/Prefabs/UI/TimeAndDate.prefab
  artifactKey: Guid(c3d730e892bc5439b9632d9f04d271f3) Importer(815301076,1909f56bfc062723c751e8b465ee728b)
Start importing Assets/Prefabs/UI/TimeAndDate.prefab using Guid(c3d730e892bc5439b9632d9f04d271f3) Importer(815301076,1909f56bfc062723c751e8b465ee728b)  -> (artifact id: 'b6f9578c2f24f5f5323f6ea102a4e365') in 0.017977 seconds
  Import took 0.020015 seconds .

========================================================================
Received Import Request.
  Time since last request: 1799.341835 seconds.
  path: Assets/Scripts/IconMovement.cs
  artifactKey: Guid(371a7b7d9a676a54b94fd15c3383044d) Importer(815301076,1909f56bfc062723c751e8b465ee728b)
Start importing Assets/Scripts/IconMovement.cs using Guid(371a7b7d9a676a54b94fd15c3383044d) Importer(815301076,1909f56bfc062723c751e8b465ee728b)  -> (artifact id: 'df950d013db53bfd8d56dacb2c14b466') in 0.006459 seconds
  Import took 0.009331 seconds .

========================================================================
Received Import Request.
  Time since last request: 0.016705 seconds.
  path: Assets/Scripts/IconMovement.cs
  artifactKey: Guid(371a7b7d9a676a54b94fd15c3383044d) Importer(815301076,1909f56bfc062723c751e8b465ee728b)
Start importing Assets/Scripts/IconMovement.cs using Guid(371a7b7d9a676a54b94fd15c3383044d) Importer(815301076,1909f56bfc062723c751e8b465ee728b)  -> (artifact id: 'df950d013db53bfd8d56dacb2c14b466') in 0.001954 seconds
  Import took 0.004024 seconds .

========================================================================
Received Import Request.
  Time since last request: 1.001199 seconds.
  path: Assets/Scripts/PlayerLook.cs
  artifactKey: Guid(5edb4858bde11da4c961e1df598eb9bc) Importer(815301076,1909f56bfc062723c751e8b465ee728b)
Start importing Assets/Scripts/PlayerLook.cs using Guid(5edb4858bde11da4c961e1df598eb9bc) Importer(815301076,1909f56bfc062723c751e8b465ee728b)  -> (artifact id: 'dfcf26a5724639ccad5579e00b9f594e') in 0.001947 seconds
  Import took 0.004109 seconds .

========================================================================
Received Import Request.
  Time since last request: 0.000192 seconds.
  path: Assets/Scripts/PlayerLook.cs
  artifactKey: Guid(5edb4858bde11da4c961e1df598eb9bc) Importer(815301076,1909f56bfc062723c751e8b465ee728b)
Start importing Assets/Scripts/PlayerLook.cs using Guid(5edb4858bde11da4c961e1df598eb9bc) Importer(815301076,1909f56bfc062723c751e8b465ee728b)  -> (artifact id: 'dfcf26a5724639ccad5579e00b9f594e') in 0.001439 seconds
  Import took 0.003324 seconds .

========================================================================
Received Import Request.
  Time since last request: 1.173219 seconds.
  path: Assets/Scripts/PlayerMove.cs
  artifactKey: Guid(5be92696c48691142a5dbc1d370596ea) Importer(815301076,1909f56bfc062723c751e8b465ee728b)
Start importing Assets/Scripts/PlayerMove.cs using Guid(5be92696c48691142a5dbc1d370596ea) Importer(815301076,1909f56bfc062723c751e8b465ee728b)  -> (artifact id: '93df137281dee4b5d6cfa919c2dcd830') in 0.001821 seconds
  Import took 0.003972 seconds .

========================================================================
Received Import Request.
  Time since last request: 1.629173 seconds.
  path: Assets/Scripts/SimpleCameraController.cs
  artifactKey: Guid(be76e5f14cfee674cb30b491fb72b09b) Importer(815301076,1909f56bfc062723c751e8b465ee728b)
Start importing Assets/Scripts/SimpleCameraController.cs using Guid(be76e5f14cfee674cb30b491fb72b09b) Importer(815301076,1909f56bfc062723c751e8b465ee728b)  -> (artifact id: 'dd5ab124373d224e407433da54c12754') in 0.002134 seconds
  Import took 0.004625 seconds .

========================================================================
Received Import Request.
  Time since last request: 0.001775 seconds.
  path: Assets/Scripts/SimpleCameraController.cs
  artifactKey: Guid(be76e5f14cfee674cb30b491fb72b09b) Importer(815301076,1909f56bfc062723c751e8b465ee728b)
Start importing Assets/Scripts/SimpleCameraController.cs using Guid(be76e5f14cfee674cb30b491fb72b09b) Importer(815301076,1909f56bfc062723c751e8b465ee728b)  -> (artifact id: 'dd5ab124373d224e407433da54c12754') in 0.001677 seconds
  Import took 0.003367 seconds .

========================================================================
Received Import Request.
  Time since last request: 17.047387 seconds.
  path: Assets/Scripts/New Folder
  artifactKey: Guid(63db109019b96d244865eecd4fe8df9e) Importer(815301076,1909f56bfc062723c751e8b465ee728b)
Start importing Assets/Scripts/New Folder using Guid(63db109019b96d244865eecd4fe8df9e) Importer(815301076,1909f56bfc062723c751e8b465ee728b)  -> (artifact id: 'a9f7b4fda3858178728d0126613018e7') in 0.002324 seconds
  Import took 0.004678 seconds .

========================================================================
Received Import Request.
  Time since last request: 202.430364 seconds.
  path: Assets/Scripts/ActivityManager.cs
  artifactKey: Guid(e062183ea22f5384991a7bd5829e0d2d) Importer(815301076,1909f56bfc062723c751e8b465ee728b)
Start importing Assets/Scripts/ActivityManager.cs using Guid(e062183ea22f5384991a7bd5829e0d2d) Importer(815301076,1909f56bfc062723c751e8b465ee728b)  -> (artifact id: 'd78794d1583cd496f9c80ec22ee24456') in 0.002016 seconds
  Import took 0.004379 seconds .

========================================================================
Received Prepare
Registering precompiled user dll's ...
Registered in 0.003259 seconds.
Begin MonoManager ReloadAssembly
Native extension for WindowsStandalone target not found
Native extension for OSXStandalone target not found
Native extension for WebGL target not found
Refreshing native plugins compatible for Editor in 1.17 ms, found 2 plugins.
Preloading 0 native plugins for Editor in 0.00 ms.
Mono: successfully reloaded assembly
- Completed reload, in  0.628 seconds
Platform modules already initialized, skipping
Refreshing native plugins compatible for Editor in 1.14 ms, found 2 plugins.
Preloading 0 native plugins for Editor in 0.00 ms.
Unloading 1240 Unused Serialized files (Serialized files now loaded: 0)
System memory in use before: 69.3 MB.
System memory in use after: 69.4 MB.

Unloading 61 unused Assets to reduce memory usage. Loaded Objects now: 1660.
Total: 1.497500 ms (FindLiveObjects: 0.155600 ms CreateObjectMapping: 0.025300 ms MarkObjects: 1.286900 ms  DeleteObjects: 0.029000 ms)

========================================================================
Received Prepare
Registering precompiled user dll's ...
Registered in 0.002950 seconds.
Begin MonoManager ReloadAssembly
Native extension for WindowsStandalone target not found
Native extension for OSXStandalone target not found
Native extension for WebGL target not found
Refreshing native plugins compatible for Editor in 1.54 ms, found 2 plugins.
Preloading 0 native plugins for Editor in 0.00 ms.
Mono: successfully reloaded assembly
- Completed reload, in  0.622 seconds
Platform modules already initialized, skipping
Refreshing native plugins compatible for Editor in 1.20 ms, found 2 plugins.
Preloading 0 native plugins for Editor in 0.00 ms.
Unloading 1240 Unused Serialized files (Serialized files now loaded: 0)
System memory in use before: 69.3 MB.
System memory in use after: 69.4 MB.

Unloading 59 unused Assets to reduce memory usage. Loaded Objects now: 1663.
Total: 1.552500 ms (FindLiveObjects: 0.181800 ms CreateObjectMapping: 0.027900 ms MarkObjects: 1.319400 ms  DeleteObjects: 0.022400 ms)

========================================================================
Received Prepare
Registering precompiled user dll's ...
Registered in 0.003114 seconds.
Begin MonoManager ReloadAssembly
Native extension for WindowsStandalone target not found
Native extension for OSXStandalone target not found
Native extension for WebGL target not found
Refreshing native plugins compatible for Editor in 1.18 ms, found 2 plugins.
Preloading 0 native plugins for Editor in 0.00 ms.
Mono: successfully reloaded assembly
- Completed reload, in  0.622 seconds
Platform modules already initialized, skipping
Refreshing native plugins compatible for Editor in 1.19 ms, found 2 plugins.
Preloading 0 native plugins for Editor in 0.00 ms.
Unloading 1240 Unused Serialized files (Serialized files now loaded: 0)
System memory in use before: 69.3 MB.
System memory in use after: 69.4 MB.

Unloading 59 unused Assets to reduce memory usage. Loaded Objects now: 1666.
Total: 1.912900 ms (FindLiveObjects: 0.182600 ms CreateObjectMapping: 0.029300 ms MarkObjects: 1.663800 ms  DeleteObjects: 0.035300 ms)

========================================================================
Received Prepare
Registering precompiled user dll's ...
Registered in 0.003041 seconds.
Begin MonoManager ReloadAssembly
Native extension for WindowsStandalone target not found
Native extension for OSXStandalone target not found
Native extension for WebGL target not found
Refreshing native plugins compatible for Editor in 1.20 ms, found 2 plugins.
Preloading 0 native plugins for Editor in 0.00 ms.
Mono: successfully reloaded assembly
- Completed reload, in  0.621 seconds
Platform modules already initialized, skipping
Refreshing native plugins compatible for Editor in 1.17 ms, found 2 plugins.
Preloading 0 native plugins for Editor in 0.00 ms.
Unloading 1240 Unused Serialized files (Serialized files now loaded: 0)
System memory in use before: 69.3 MB.
System memory in use after: 69.4 MB.

Unloading 59 unused Assets to reduce memory usage. Loaded Objects now: 1669.
Total: 1.734300 ms (FindLiveObjects: 0.160500 ms CreateObjectMapping: 0.025700 ms MarkObjects: 1.511300 ms  DeleteObjects: 0.035400 ms)

========================================================================
Received Prepare
Registering precompiled user dll's ...
Registered in 0.003228 seconds.
Begin MonoManager ReloadAssembly
Native extension for WindowsStandalone target not found
Native extension for OSXStandalone target not found
Native extension for WebGL target not found
Refreshing native plugins compatible for Editor in 1.19 ms, found 2 plugins.
Preloading 0 native plugins for Editor in 0.00 ms.
Mono: successfully reloaded assembly
- Completed reload, in  0.622 seconds
Platform modules already initialized, skipping
Refreshing native plugins compatible for Editor in 1.17 ms, found 2 plugins.
Preloading 0 native plugins for Editor in 0.00 ms.
Unloading 1240 Unused Serialized files (Serialized files now loaded: 0)
System memory in use before: 69.3 MB.
System memory in use after: 69.4 MB.

Unloading 59 unused Assets to reduce memory usage. Loaded Objects now: 1672.
Total: 1.722900 ms (FindLiveObjects: 0.163700 ms CreateObjectMapping: 0.026100 ms MarkObjects: 1.500400 ms  DeleteObjects: 0.031600 ms)

========================================================================
Received Prepare
Registering precompiled user dll's ...
Registered in 0.002986 seconds.
Begin MonoManager ReloadAssembly
Native extension for WindowsStandalone target not found
Native extension for OSXStandalone target not found
Native extension for WebGL target not found
Refreshing native plugins compatible for Editor in 1.17 ms, found 2 plugins.
Preloading 0 native plugins for Editor in 0.00 ms.
Mono: successfully reloaded assembly
- Completed reload, in  0.612 seconds
Platform modules already initialized, skipping
Refreshing native plugins compatible for Editor in 1.14 ms, found 2 plugins.
Preloading 0 native plugins for Editor in 0.00 ms.
Unloading 1240 Unused Serialized files (Serialized files now loaded: 0)
System memory in use before: 69.4 MB.
System memory in use after: 69.5 MB.

Unloading 59 unused Assets to reduce memory usage. Loaded Objects now: 1675.
Total: 1.721100 ms (FindLiveObjects: 0.156100 ms CreateObjectMapping: 0.025900 ms MarkObjects: 1.506600 ms  DeleteObjects: 0.031500 ms)

========================================================================
Received Import Request.
  Time since last request: 4793.560707 seconds.
  path: Assets/Prefabs/UI/BaseActivity.prefab
  artifactKey: Guid(52a429054df1f4a6a80648de2791dbc5) Importer(815301076,1909f56bfc062723c751e8b465ee728b)
Start importing Assets/Prefabs/UI/BaseActivity.prefab using Guid(52a429054df1f4a6a80648de2791dbc5) Importer(815301076,1909f56bfc062723c751e8b465ee728b)  -> (artifact id: 'd46c300bb1202aee5a0e87f4b451f346') in 0.065551 seconds
  Import took 0.068198 seconds .

========================================================================
Received Import Request.
  Time since last request: 2.508565 seconds.
  path: Assets/Prefabs/UI/BaseActivity.prefab
  artifactKey: Guid(52a429054df1f4a6a80648de2791dbc5) Importer(815301076,1909f56bfc062723c751e8b465ee728b)
Start importing Assets/Prefabs/UI/BaseActivity.prefab using Guid(52a429054df1f4a6a80648de2791dbc5) Importer(815301076,1909f56bfc062723c751e8b465ee728b)  -> (artifact id: '9ba71bd612a317579dceda1257661a2d') in 0.020686 seconds
  Import took 0.023199 seconds .

========================================================================
Received Import Request.
  Time since last request: 26.269508 seconds.
  path: Assets/Plugins/FMOD/Resources/FMODStudioSettings.asset
  artifactKey: Guid(e3548ed79e5025d44be0b664197520a1) Importer(815301076,1909f56bfc062723c751e8b465ee728b)
Start importing Assets/Plugins/FMOD/Resources/FMODStudioSettings.asset using Guid(e3548ed79e5025d44be0b664197520a1) Importer(815301076,1909f56bfc062723c751e8b465ee728b)  -> (artifact id: 'ed318ca9b7ecd00be3472c81219cdfa4') in 0.036124 seconds
  Import took 0.038598 seconds .

========================================================================
Received Import Request.
  Time since last request: 0.000495 seconds.
  path: Assets/Plugins/FMOD/Resources/FMODStudioSettings.asset
  artifactKey: Guid(e3548ed79e5025d44be0b664197520a1) Importer(815301076,1909f56bfc062723c751e8b465ee728b)
Start importing Assets/Plugins/FMOD/Resources/FMODStudioSettings.asset using Guid(e3548ed79e5025d44be0b664197520a1) Importer(815301076,1909f56bfc062723c751e8b465ee728b) ArgumentException: An item with the same key has already been added. Key: WebGL
  at System.Collections.Generic.Dictionary`2[TKey,TValue].TryInsert (TKey key, TValue value, System.Collections.Generic.InsertionBehavior behavior) [0x000c1] in <695d1cc93cca45069c528c15c9fdd749>:0 
  at System.Collections.Generic.Dictionary`2[TKey,TValue].Add (TKey key, TValue value) [0x00000] in <695d1cc93cca45069c528c15c9fdd749>:0 
  at FMODUnity.EditorSettings.AddPlatformForBuildTargets (FMODUnity.Platform platform) [0x0001a] in D:\Documents\GitHub\GameAudio\GameAudioUnity\Assets\Plugins\FMOD\src\Editor\EditorSettings.cs:74 
  at FMODUnity.Settings.LinkPlatform (FMODUnity.Platform platform) [0x00015] in D:\Documents\GitHub\GameAudio\GameAudioUnity\Assets\Plugins\FMOD\src\Settings.cs:445 
  at FMODUnity.Settings.ForEachPlatform (System.Action`1[T] action) [0x00016] in D:\Documents\GitHub\GameAudio\GameAudioUnity\Assets\Plugins\FMOD\src\Settings.cs:411 
  at FMODUnity.Settings.OnEnable () [0x00156] in D:\Documents\GitHub\GameAudio\GameAudioUnity\Assets\Plugins\FMOD\src\Settings.cs:630 

 -> (artifact id: 'ed318ca9b7ecd00be3472c81219cdfa4') in 0.013726 seconds
  Import took 0.015869 seconds .

========================================================================
Received Prepare
Registering precompiled user dll's ...
Registered in 0.003277 seconds.
Begin MonoManager ReloadAssembly
Native extension for WindowsStandalone target not found
Native extension for OSXStandalone target not found
Native extension for WebGL target not found
Refreshing native plugins compatible for Editor in 1.27 ms, found 2 plugins.
Preloading 0 native plugins for Editor in 0.00 ms.
Mono: successfully reloaded assembly
- Completed reload, in  0.652 seconds
Platform modules already initialized, skipping
Refreshing native plugins compatible for Editor in 1.22 ms, found 2 plugins.
Preloading 0 native plugins for Editor in 0.00 ms.
Unloading 1240 Unused Serialized files (Serialized files now loaded: 0)
System memory in use before: 69.5 MB.
System memory in use after: 69.6 MB.

Unloading 61 unused Assets to reduce memory usage. Loaded Objects now: 1678.
Total: 1.626100 ms (FindLiveObjects: 0.186900 ms CreateObjectMapping: 0.028400 ms MarkObjects: 1.378100 ms  DeleteObjects: 0.031700 ms)

========================================================================
Received Prepare
Registering precompiled user dll's ...
Registered in 0.003025 seconds.
Begin MonoManager ReloadAssembly
Native extension for WindowsStandalone target not found
Native extension for OSXStandalone target not found
Native extension for WebGL target not found
Refreshing native plugins compatible for Editor in 1.20 ms, found 2 plugins.
Preloading 0 native plugins for Editor in 0.00 ms.
Mono: successfully reloaded assembly
- Completed reload, in  0.621 seconds
Platform modules already initialized, skipping
Refreshing native plugins compatible for Editor in 1.19 ms, found 2 plugins.
Preloading 0 native plugins for Editor in 0.00 ms.
Unloading 1240 Unused Serialized files (Serialized files now loaded: 0)
System memory in use before: 69.5 MB.
System memory in use after: 69.6 MB.

Unloading 59 unused Assets to reduce memory usage. Loaded Objects now: 1681.
Total: 1.889900 ms (FindLiveObjects: 0.167600 ms CreateObjectMapping: 0.026600 ms MarkObjects: 1.657900 ms  DeleteObjects: 0.036500 ms)

========================================================================
Received Prepare
Registering precompiled user dll's ...
Registered in 0.002717 seconds.
Begin MonoManager ReloadAssembly
Native extension for WindowsStandalone target not found
Native extension for OSXStandalone target not found
Native extension for WebGL target not found
Refreshing native plugins compatible for Editor in 1.19 ms, found 2 plugins.
Preloading 0 native plugins for Editor in 0.00 ms.
Mono: successfully reloaded assembly
- Completed reload, in  0.615 seconds
Platform modules already initialized, skipping
Refreshing native plugins compatible for Editor in 1.17 ms, found 2 plugins.
Preloading 0 native plugins for Editor in 0.00 ms.
Unloading 1240 Unused Serialized files (Serialized files now loaded: 0)
System memory in use before: 69.5 MB.
System memory in use after: 69.6 MB.

Unloading 59 unused Assets to reduce memory usage. Loaded Objects now: 1684.
Total: 1.757000 ms (FindLiveObjects: 0.165300 ms CreateObjectMapping: 0.030800 ms MarkObjects: 1.525300 ms  DeleteObjects: 0.033500 ms)

========================================================================
Received Import Request.
  Time since last request: 279.836050 seconds.
  path: Assets/Prefabs/UI/TimeAndDate.prefab
  artifactKey: Guid(c3d730e892bc5439b9632d9f04d271f3) Importer(815301076,1909f56bfc062723c751e8b465ee728b)
Start importing Assets/Prefabs/UI/TimeAndDate.prefab using Guid(c3d730e892bc5439b9632d9f04d271f3) Importer(815301076,1909f56bfc062723c751e8b465ee728b)  -> (artifact id: '18793c7395cad6b1bcc454011481ed74') in 0.060722 seconds
  Import took 0.063338 seconds .

========================================================================
Received Prepare
Registering precompiled user dll's ...
Registered in 0.003061 seconds.
Begin MonoManager ReloadAssembly
Native extension for WindowsStandalone target not found
Native extension for OSXStandalone target not found
Native extension for WebGL target not found
Refreshing native plugins compatible for Editor in 1.20 ms, found 2 plugins.
Preloading 0 native plugins for Editor in 0.00 ms.
Mono: successfully reloaded assembly
- Completed reload, in  0.614 seconds
Platform modules already initialized, skipping
Refreshing native plugins compatible for Editor in 1.18 ms, found 2 plugins.
Preloading 0 native plugins for Editor in 0.00 ms.
Unloading 1240 Unused Serialized files (Serialized files now loaded: 0)
System memory in use before: 69.5 MB.
System memory in use after: 69.6 MB.

Unloading 60 unused Assets to reduce memory usage. Loaded Objects now: 1687.
Total: 1.493900 ms (FindLiveObjects: 0.154200 ms CreateObjectMapping: 0.025500 ms MarkObjects: 1.289100 ms  DeleteObjects: 0.024300 ms)

========================================================================
Received Import Request.
  Time since last request: 30.158994 seconds.
  path: Assets/Prefabs/UI/TimeAndDate.prefab
  artifactKey: Guid(c3d730e892bc5439b9632d9f04d271f3) Importer(815301076,1909f56bfc062723c751e8b465ee728b)
Start importing Assets/Prefabs/UI/TimeAndDate.prefab using Guid(c3d730e892bc5439b9632d9f04d271f3) Importer(815301076,1909f56bfc062723c751e8b465ee728b)  -> (artifact id: '3002454fab4263863e7f7183073c8f9e') in 0.060821 seconds
  Import took 0.063650 seconds .

========================================================================
Received Prepare
Registering precompiled user dll's ...
Registered in 0.003186 seconds.
Begin MonoManager ReloadAssembly
Native extension for WindowsStandalone target not found
Native extension for OSXStandalone target not found
Native extension for WebGL target not found
Refreshing native plugins compatible for Editor in 1.17 ms, found 2 plugins.
Preloading 0 native plugins for Editor in 0.00 ms.
Mono: successfully reloaded assembly
- Completed reload, in  0.614 seconds
Platform modules already initialized, skipping
Refreshing native plugins compatible for Editor in 1.14 ms, found 2 plugins.
Preloading 0 native plugins for Editor in 0.00 ms.
Unloading 1240 Unused Serialized files (Serialized files now loaded: 0)
System memory in use before: 69.5 MB.
System memory in use after: 69.6 MB.

Unloading 60 unused Assets to reduce memory usage. Loaded Objects now: 1690.
Total: 1.598100 ms (FindLiveObjects: 0.157200 ms CreateObjectMapping: 0.032000 ms MarkObjects: 1.380900 ms  DeleteObjects: 0.027100 ms)

AssetImportWorkerClient::OnTransportError - code=2 error=End of file
